<?xml version="1.0" encoding="UTF-8"?>
<coverage generated="1767524312">
  <project timestamp="1767524312" name="Clover Coverage">
    <file name="/home/omgaalfa/php-projetos/applications/swift-router/src/Interfaces/MiddlewareInterface.php">
      <metrics loc="21" ncloc="14" classes="0" methods="0" coveredmethods="0" conditionals="0" coveredconditionals="0" statements="0" coveredstatements="0" elements="0" coveredelements="0"/>
    </file>
    <package name="Omegaalfa\SwiftRouter\Middleware">
      <file name="/home/omgaalfa/php-projetos/applications/swift-router/src/Middleware/AuthMiddleware.php">
        <class name="Omegaalfa\SwiftRouter\Middleware\AuthMiddleware" namespace="Omegaalfa\SwiftRouter\Middleware">
          <metrics complexity="4" methods="1" coveredmethods="1" conditionals="0" coveredconditionals="0" statements="9" coveredstatements="9" elements="10" coveredelements="10"/>
        </class>
        <line num="11" type="method" name="process" visibility="public" complexity="4" crap="4" count="3"/>
        <line num="13" type="stmt" count="3"/>
        <line num="16" type="stmt" count="3"/>
        <line num="17" type="stmt" count="2"/>
        <line num="18" type="stmt" count="2"/>
        <line num="19" type="stmt" count="2"/>
        <line num="20" type="stmt" count="2"/>
        <line num="23" type="stmt" count="1"/>
        <line num="24" type="stmt" count="1"/>
        <line num="26" type="stmt" count="1"/>
        <metrics loc="28" ncloc="27" classes="1" methods="1" coveredmethods="1" conditionals="0" coveredconditionals="0" statements="9" coveredstatements="9" elements="10" coveredelements="10"/>
      </file>
      <file name="/home/omgaalfa/php-projetos/applications/swift-router/src/Middleware/CorsMiddleware.php">
        <class name="Omegaalfa\SwiftRouter\Middleware\CorsMiddleware" namespace="Omegaalfa\SwiftRouter\Middleware">
          <metrics complexity="1" methods="1" coveredmethods="1" conditionals="0" coveredconditionals="0" statements="4" coveredstatements="4" elements="5" coveredelements="5"/>
        </class>
        <line num="11" type="method" name="process" visibility="public" complexity="1" crap="1" count="1"/>
        <line num="13" type="stmt" count="1"/>
        <line num="15" type="stmt" count="1"/>
        <line num="16" type="stmt" count="1"/>
        <line num="17" type="stmt" count="1"/>
        <metrics loc="19" ncloc="19" classes="1" methods="1" coveredmethods="1" conditionals="0" coveredconditionals="0" statements="4" coveredstatements="4" elements="5" coveredelements="5"/>
      </file>
      <file name="/home/omgaalfa/php-projetos/applications/swift-router/src/Middleware/JsonMiddleware.php">
        <class name="Omegaalfa\SwiftRouter\Middleware\JsonMiddleware" namespace="Omegaalfa\SwiftRouter\Middleware">
          <metrics complexity="3" methods="1" coveredmethods="0" conditionals="0" coveredconditionals="0" statements="16" coveredstatements="10" elements="17" coveredelements="10"/>
        </class>
        <line num="11" type="method" name="process" visibility="public" complexity="3" crap="3.47" count="2"/>
        <line num="13" type="stmt" count="2"/>
        <line num="16" type="stmt" count="2"/>
        <line num="18" type="stmt" count="1"/>
        <line num="19" type="stmt" count="1"/>
        <line num="20" type="stmt" count="1"/>
        <line num="21" type="stmt" count="1"/>
        <line num="23" type="stmt" count="1"/>
        <line num="24" type="stmt" count="1"/>
        <line num="25" type="stmt" count="1"/>
        <line num="26" type="stmt" count="0"/>
        <line num="27" type="stmt" count="0"/>
        <line num="29" type="stmt" count="0"/>
        <line num="30" type="stmt" count="0"/>
        <line num="31" type="stmt" count="0"/>
        <line num="32" type="stmt" count="0"/>
        <line num="36" type="stmt" count="1"/>
        <metrics loc="39" ncloc="38" classes="1" methods="1" coveredmethods="0" conditionals="0" coveredconditionals="0" statements="16" coveredstatements="10" elements="17" coveredelements="10"/>
      </file>
      <file name="/home/omgaalfa/php-projetos/applications/swift-router/src/Middleware/RateLimitMiddleware.php">
        <class name="Omegaalfa\SwiftRouter\Middleware\RateLimitMiddleware" namespace="Omegaalfa\SwiftRouter\Middleware">
          <metrics complexity="2" methods="1" coveredmethods="1" conditionals="0" coveredconditionals="0" statements="15" coveredstatements="15" elements="16" coveredelements="16"/>
        </class>
        <line num="31" type="method" name="process" visibility="public" complexity="2" crap="2" count="2"/>
        <line num="33" type="stmt" count="2"/>
        <line num="34" type="stmt" count="2"/>
        <line num="37" type="stmt" count="2"/>
        <line num="38" type="stmt" count="2"/>
        <line num="39" type="stmt" count="2"/>
        <line num="40" type="stmt" count="2"/>
        <line num="43" type="stmt" count="2"/>
        <line num="44" type="stmt" count="1"/>
        <line num="45" type="stmt" count="1"/>
        <line num="46" type="stmt" count="1"/>
        <line num="47" type="stmt" count="1"/>
        <line num="48" type="stmt" count="1"/>
        <line num="52" type="stmt" count="2"/>
        <line num="53" type="stmt" count="2"/>
        <line num="55" type="stmt" count="2"/>
        <metrics loc="57" ncloc="39" classes="1" methods="1" coveredmethods="1" conditionals="0" coveredconditionals="0" statements="15" coveredstatements="15" elements="16" coveredelements="16"/>
      </file>
      <file name="/home/omgaalfa/php-projetos/applications/swift-router/src/Middleware/ResponseWrapperMiddleware.php">
        <class name="Omegaalfa\SwiftRouter\Middleware\ResponseWrapperMiddleware" namespace="Omegaalfa\SwiftRouter\Middleware">
          <metrics complexity="2" methods="1" coveredmethods="1" conditionals="0" coveredconditionals="0" statements="12" coveredstatements="12" elements="13" coveredelements="13"/>
        </class>
        <line num="11" type="method" name="process" visibility="public" complexity="2" crap="2" count="1"/>
        <line num="13" type="stmt" count="1"/>
        <line num="16" type="stmt" count="1"/>
        <line num="17" type="stmt" count="1"/>
        <line num="18" type="stmt" count="1"/>
        <line num="19" type="stmt" count="1"/>
        <line num="20" type="stmt" count="1"/>
        <line num="21" type="stmt" count="1"/>
        <line num="24" type="stmt" count="1"/>
        <line num="25" type="stmt" count="1"/>
        <line num="26" type="stmt" count="1"/>
        <line num="27" type="stmt" count="1"/>
        <line num="28" type="stmt" count="1"/>
        <metrics loc="30" ncloc="29" classes="1" methods="1" coveredmethods="1" conditionals="0" coveredconditionals="0" statements="12" coveredstatements="12" elements="13" coveredelements="13"/>
      </file>
      <file name="/home/omgaalfa/php-projetos/applications/swift-router/src/Middleware/TimerMiddleware.php">
        <class name="Omegaalfa\SwiftRouter\Middleware\TimerMiddleware" namespace="Omegaalfa\SwiftRouter\Middleware">
          <metrics complexity="1" methods="1" coveredmethods="1" conditionals="0" coveredconditionals="0" statements="4" coveredstatements="4" elements="5" coveredelements="5"/>
        </class>
        <line num="11" type="method" name="process" visibility="public" complexity="1" crap="1" count="2"/>
        <line num="13" type="stmt" count="2"/>
        <line num="14" type="stmt" count="2"/>
        <line num="15" type="stmt" count="2"/>
        <line num="17" type="stmt" count="2"/>
        <metrics loc="19" ncloc="19" classes="1" methods="1" coveredmethods="1" conditionals="0" coveredconditionals="0" statements="4" coveredstatements="4" elements="5" coveredelements="5"/>
      </file>
      <file name="/home/omgaalfa/php-projetos/applications/swift-router/src/Middleware/ValidationMiddleware.php">
        <class name="Omegaalfa\SwiftRouter\Middleware\ValidationMiddleware" namespace="Omegaalfa\SwiftRouter\Middleware">
          <metrics complexity="11" methods="2" coveredmethods="2" conditionals="0" coveredconditionals="0" statements="13" coveredstatements="13" elements="15" coveredelements="15"/>
        </class>
        <line num="17" type="method" name="__construct" visibility="public" complexity="1" crap="1" count="4"/>
        <line num="19" type="method" name="process" visibility="public" complexity="10" crap="10" count="4"/>
        <line num="21" type="stmt" count="4"/>
        <line num="23" type="stmt" count="4"/>
        <line num="24" type="stmt" count="4"/>
        <line num="26" type="stmt" count="4"/>
        <line num="27" type="stmt" count="1"/>
        <line num="28" type="stmt" count="1"/>
        <line num="29" type="stmt" count="1"/>
        <line num="32" type="stmt" count="3"/>
        <line num="33" type="stmt" count="1"/>
        <line num="34" type="stmt" count="1"/>
        <line num="35" type="stmt" count="1"/>
        <line num="39" type="stmt" count="2"/>
        <metrics loc="42" ncloc="38" classes="1" methods="2" coveredmethods="2" conditionals="0" coveredconditionals="0" statements="13" coveredstatements="13" elements="15" coveredelements="15"/>
      </file>
    </package>
    <package name="Omegaalfa\SwiftRouter\Router">
      <file name="/home/omgaalfa/php-projetos/applications/swift-router/src/Router/HttpMethod.php">
        <class name="Omegaalfa\SwiftRouter\Router\HttpMethod" namespace="Omegaalfa\SwiftRouter\Router">
          <metrics complexity="4" methods="3" coveredmethods="3" conditionals="0" coveredconditionals="0" statements="10" coveredstatements="10" elements="13" coveredelements="13"/>
        </class>
        <line num="25" type="method" name="fromString" visibility="public" complexity="2" crap="2" count="21"/>
        <line num="27" type="stmt" count="21"/>
        <line num="30" type="stmt" count="21"/>
        <line num="32" type="stmt" count="21"/>
        <line num="33" type="stmt" count="2"/>
        <line num="34" type="stmt" count="2"/>
        <line num="35" type="stmt" count="2"/>
        <line num="38" type="stmt" count="21"/>
        <line num="47" type="method" name="isValid" visibility="public" complexity="1" crap="1" count="1"/>
        <line num="49" type="stmt" count="1"/>
        <line num="50" type="stmt" count="1"/>
        <line num="58" type="method" name="values" visibility="public" complexity="1" crap="1" count="1"/>
        <line num="60" type="stmt" count="1"/>
        <metrics loc="63" ncloc="43" classes="1" methods="3" coveredmethods="3" conditionals="0" coveredconditionals="0" statements="10" coveredstatements="10" elements="13" coveredelements="13"/>
      </file>
      <file name="/home/omgaalfa/php-projetos/applications/swift-router/src/Router/RequestContext.php">
        <class name="Omegaalfa\SwiftRouter\Router\RequestContext" namespace="Omegaalfa\SwiftRouter\Router">
          <metrics complexity="4" methods="4" coveredmethods="4" conditionals="0" coveredconditionals="0" statements="4" coveredstatements="4" elements="8" coveredelements="8"/>
        </class>
        <line num="16" type="method" name="__construct" visibility="public" complexity="1" crap="1" count="30"/>
        <line num="23" type="stmt" count="30"/>
        <line num="32" type="method" name="set" visibility="public" complexity="1" crap="1" count="3"/>
        <line num="34" type="stmt" count="3"/>
        <line num="44" type="method" name="get" visibility="public" complexity="1" crap="1" count="8"/>
        <line num="46" type="stmt" count="8"/>
        <line num="55" type="method" name="has" visibility="public" complexity="1" crap="1" count="1"/>
        <line num="57" type="stmt" count="1"/>
        <metrics loc="59" ncloc="33" classes="1" methods="4" coveredmethods="4" conditionals="0" coveredconditionals="0" statements="4" coveredstatements="4" elements="8" coveredelements="8"/>
      </file>
      <file name="/home/omgaalfa/php-projetos/applications/swift-router/src/Router/Response.php">
        <class name="Omegaalfa\SwiftRouter\Router\Response" namespace="Omegaalfa\SwiftRouter\Router">
          <metrics complexity="4" methods="4" coveredmethods="4" conditionals="0" coveredconditionals="0" statements="10" coveredstatements="10" elements="14" coveredelements="14"/>
        </class>
        <line num="13" type="method" name="__construct" visibility="public" complexity="1" crap="1" count="33"/>
        <line num="19" type="stmt" count="33"/>
        <line num="27" type="method" name="withBody" visibility="public" complexity="1" crap="1" count="11"/>
        <line num="29" type="stmt" count="11"/>
        <line num="30" type="stmt" count="11"/>
        <line num="31" type="stmt" count="11"/>
        <line num="40" type="method" name="withStatus" visibility="public" complexity="1" crap="1" count="9"/>
        <line num="42" type="stmt" count="9"/>
        <line num="43" type="stmt" count="9"/>
        <line num="44" type="stmt" count="9"/>
        <line num="54" type="method" name="withHeader" visibility="public" complexity="1" crap="1" count="7"/>
        <line num="56" type="stmt" count="7"/>
        <line num="57" type="stmt" count="7"/>
        <line num="58" type="stmt" count="7"/>
        <metrics loc="61" ncloc="39" classes="1" methods="4" coveredmethods="4" conditionals="0" coveredconditionals="0" statements="10" coveredstatements="10" elements="14" coveredelements="14"/>
      </file>
      <file name="/home/omgaalfa/php-projetos/applications/swift-router/src/Router/SwiftRouter.php">
        <class name="Omegaalfa\SwiftRouter\Router\SwiftRouter" namespace="Omegaalfa\SwiftRouter\Router">
          <metrics complexity="5" methods="5" coveredmethods="5" conditionals="0" coveredconditionals="0" statements="10" coveredstatements="10" elements="15" coveredelements="15"/>
        </class>
        <line num="17" type="method" name="get" visibility="public" complexity="1" crap="1" count="18"/>
        <line num="19" type="stmt" count="18"/>
        <line num="20" type="stmt" count="15"/>
        <line num="29" type="method" name="post" visibility="public" complexity="1" crap="1" count="2"/>
        <line num="31" type="stmt" count="2"/>
        <line num="32" type="stmt" count="2"/>
        <line num="41" type="method" name="put" visibility="public" complexity="1" crap="1" count="1"/>
        <line num="43" type="stmt" count="1"/>
        <line num="44" type="stmt" count="1"/>
        <line num="53" type="method" name="delete" visibility="public" complexity="1" crap="1" count="1"/>
        <line num="55" type="stmt" count="1"/>
        <line num="56" type="stmt" count="1"/>
        <line num="65" type="method" name="patch" visibility="public" complexity="1" crap="1" count="1"/>
        <line num="67" type="stmt" count="1"/>
        <line num="68" type="stmt" count="1"/>
        <metrics loc="71" ncloc="41" classes="1" methods="5" coveredmethods="5" conditionals="0" coveredconditionals="0" statements="10" coveredstatements="10" elements="15" coveredelements="15"/>
      </file>
      <file name="/home/omgaalfa/php-projetos/applications/swift-router/src/Router/TreeNode.php">
        <class name="Omegaalfa\SwiftRouter\Router\TreeNode" namespace="Omegaalfa\SwiftRouter\Router">
          <metrics complexity="0" methods="0" coveredmethods="0" conditionals="0" coveredconditionals="0" statements="0" coveredstatements="0" elements="0" coveredelements="0"/>
        </class>
        <metrics loc="44" ncloc="28" classes="0" methods="0" coveredmethods="0" conditionals="0" coveredconditionals="0" statements="0" coveredstatements="0" elements="0" coveredelements="0"/>
      </file>
      <file name="/home/omgaalfa/php-projetos/applications/swift-router/src/Router/TreeRouter.php">
        <class name="Omegaalfa\SwiftRouter\Router\TreeRouter" namespace="Omegaalfa\SwiftRouter\Router">
          <metrics complexity="68" methods="17" coveredmethods="10" conditionals="0" coveredconditionals="0" statements="204" coveredstatements="171" elements="221" coveredelements="181"/>
        </class>
        <line num="47" type="method" name="__construct" visibility="public" complexity="1" crap="1" count="21"/>
        <line num="49" type="stmt" count="21"/>
        <line num="50" type="stmt" count="21"/>
        <line num="58" type="method" name="use" visibility="public" complexity="2" crap="2" count="4"/>
        <line num="60" type="stmt" count="4"/>
        <line num="61" type="stmt" count="1"/>
        <line num="62" type="stmt" count="1"/>
        <line num="65" type="stmt" count="3"/>
        <line num="73" type="stmt" count="3"/>
        <line num="78" type="stmt" count="2"/>
        <line num="80" type="stmt" count="3"/>
        <line num="82" type="stmt" count="3"/>
        <line num="98" type="method" name="group" visibility="public" complexity="1" crap="1" count="3"/>
        <line num="101" type="stmt" count="3"/>
        <line num="102" type="stmt" count="3"/>
        <line num="105" type="stmt" count="3"/>
        <line num="106" type="stmt" count="3"/>
        <line num="109" type="stmt" count="3"/>
        <line num="112" type="stmt" count="3"/>
        <line num="113" type="stmt" count="3"/>
        <line num="122" type="method" name="buildGroupPath" visibility="private" complexity="3" crap="3.03" count="3"/>
        <line num="124" type="stmt" count="3"/>
        <line num="125" type="stmt" count="3"/>
        <line num="127" type="stmt" count="3"/>
        <line num="128" type="stmt" count="3"/>
        <line num="131" type="stmt" count="3"/>
        <line num="132" type="stmt" count="0"/>
        <line num="135" type="stmt" count="3"/>
        <line num="146" type="method" name="addRoute" visibility="public" complexity="8" crap="8" count="19"/>
        <line num="149" type="stmt" count="19"/>
        <line num="152" type="stmt" count="19"/>
        <line num="155" type="stmt" count="17"/>
        <line num="156" type="stmt" count="17"/>
        <line num="157" type="stmt" count="17"/>
        <line num="160" type="stmt" count="16"/>
        <line num="163" type="stmt" count="16"/>
        <line num="166" type="stmt" count="16"/>
        <line num="169" type="stmt" count="16"/>
        <line num="170" type="stmt" count="14"/>
        <line num="171" type="stmt" count="14"/>
        <line num="172" type="stmt" count="14"/>
        <line num="173" type="stmt" count="14"/>
        <line num="174" type="stmt" count="14"/>
        <line num="177" type="stmt" count="16"/>
        <line num="178" type="stmt" count="16"/>
        <line num="180" type="stmt" count="16"/>
        <line num="181" type="stmt" count="16"/>
        <line num="182" type="stmt" count="0"/>
        <line num="185" type="stmt" count="16"/>
        <line num="186" type="stmt" count="3"/>
        <line num="187" type="stmt" count="3"/>
        <line num="188" type="stmt" count="3"/>
        <line num="189" type="stmt" count="3"/>
        <line num="191" type="stmt" count="3"/>
        <line num="192" type="stmt" count="3"/>
        <line num="195" type="stmt" count="16"/>
        <line num="196" type="stmt" count="16"/>
        <line num="199" type="stmt" count="16"/>
        <line num="200" type="stmt" count="16"/>
        <line num="201" type="stmt" count="16"/>
        <line num="211" type="method" name="validateAndNormalizeHandler" visibility="private" complexity="5" crap="5.01" count="19"/>
        <line num="213" type="stmt" count="19"/>
        <line num="214" type="stmt" count="1"/>
        <line num="217" type="stmt" count="18"/>
        <line num="219" type="stmt" count="1"/>
        <line num="220" type="stmt" count="1"/>
        <line num="221" type="stmt" count="1"/>
        <line num="222" type="stmt" count="1"/>
        <line num="224" type="stmt" count="1"/>
        <line num="225" type="stmt" count="1"/>
        <line num="229" type="stmt" count="17"/>
        <line num="230" type="stmt" count="0"/>
        <line num="233" type="stmt" count="17"/>
        <line num="240" type="method" name="normalizeArrayHandler" visibility="protected" complexity="10" crap="30.93" count="1"/>
        <line num="242" type="stmt" count="1"/>
        <line num="243" type="stmt" count="0"/>
        <line num="244" type="stmt" count="0"/>
        <line num="245" type="stmt" count="0"/>
        <line num="248" type="stmt" count="1"/>
        <line num="250" type="stmt" count="1"/>
        <line num="251" type="stmt" count="0"/>
        <line num="252" type="stmt" count="0"/>
        <line num="253" type="stmt" count="0"/>
        <line num="257" type="stmt" count="1"/>
        <line num="258" type="stmt" count="0"/>
        <line num="259" type="stmt" count="0"/>
        <line num="260" type="stmt" count="0"/>
        <line num="264" type="stmt" count="1"/>
        <line num="265" type="stmt" count="1"/>
        <line num="266" type="stmt" count="1"/>
        <line num="267" type="stmt" count="1"/>
        <line num="268" type="stmt" count="0"/>
        <line num="269" type="stmt" count="0"/>
        <line num="273" type="stmt" count="1"/>
        <line num="274" type="stmt" count="1"/>
        <line num="275" type="stmt" count="1"/>
        <line num="276" type="stmt" count="1"/>
        <line num="277" type="stmt" count="1"/>
        <line num="281" type="stmt" count="0"/>
        <line num="282" type="stmt" count="0"/>
        <line num="284" type="stmt" count="0"/>
        <line num="285" type="stmt" count="0"/>
        <line num="286" type="stmt" count="0"/>
        <line num="287" type="stmt" count="0"/>
        <line num="290" type="stmt" count="0"/>
        <line num="291" type="stmt" count="0"/>
        <line num="301" type="method" name="normalizePath" visibility="private" complexity="4" crap="4" count="18"/>
        <line num="304" type="stmt" count="18"/>
        <line num="307" type="stmt" count="18"/>
        <line num="310" type="stmt" count="18"/>
        <line num="311" type="stmt" count="18"/>
        <line num="312" type="stmt" count="1"/>
        <line num="315" type="stmt" count="17"/>
        <line num="328" type="method" name="dispatch" visibility="public" complexity="8" crap="8" count="17"/>
        <line num="331" type="stmt" count="17"/>
        <line num="332" type="stmt" count="16"/>
        <line num="335" type="stmt" count="16"/>
        <line num="337" type="stmt" count="16"/>
        <line num="340" type="stmt" count="16"/>
        <line num="341" type="stmt" count="1"/>
        <line num="344" type="stmt" count="15"/>
        <line num="345" type="stmt" count="1"/>
        <line num="349" type="stmt" count="14"/>
        <line num="352" type="stmt" count="14"/>
        <line num="355" type="stmt" count="14"/>
        <line num="359" type="stmt" count="14"/>
        <line num="360" type="stmt" count="13"/>
        <line num="363" type="stmt" count="13"/>
        <line num="364" type="stmt" count="1"/>
        <line num="368" type="stmt" count="12"/>
        <line num="369" type="stmt" count="14"/>
        <line num="372" type="stmt" count="14"/>
        <line num="373" type="stmt" count="4"/>
        <line num="377" type="stmt" count="14"/>
        <line num="380" type="stmt" count="14"/>
        <line num="381" type="stmt" count="1"/>
        <line num="384" type="stmt" count="14"/>
        <line num="394" type="method" name="findRoute" visibility="public" complexity="13" crap="13.43" count="16"/>
        <line num="397" type="stmt" count="16"/>
        <line num="400" type="stmt" count="16"/>
        <line num="403" type="stmt" count="16"/>
        <line num="406" type="stmt" count="16"/>
        <line num="409" type="stmt" count="16"/>
        <line num="410" type="stmt" count="12"/>
        <line num="414" type="stmt" count="5"/>
        <line num="415" type="stmt" count="0"/>
        <line num="416" type="stmt" count="0"/>
        <line num="417" type="stmt" count="0"/>
        <line num="418" type="stmt" count="0"/>
        <line num="421" type="stmt" count="5"/>
        <line num="422" type="stmt" count="5"/>
        <line num="423" type="stmt" count="5"/>
        <line num="424" type="stmt" count="5"/>
        <line num="426" type="stmt" count="5"/>
        <line num="427" type="stmt" count="5"/>
        <line num="428" type="stmt" count="0"/>
        <line num="432" type="stmt" count="5"/>
        <line num="433" type="stmt" count="3"/>
        <line num="434" type="stmt" count="3"/>
        <line num="438" type="stmt" count="5"/>
        <line num="440" type="stmt" count="3"/>
        <line num="441" type="stmt" count="1"/>
        <line num="442" type="stmt" count="1"/>
        <line num="443" type="stmt" count="1"/>
        <line num="446" type="stmt" count="3"/>
        <line num="447" type="stmt" count="3"/>
        <line num="448" type="stmt" count="3"/>
        <line num="452" type="stmt" count="2"/>
        <line num="455" type="stmt" count="3"/>
        <line num="456" type="stmt" count="3"/>
        <line num="457" type="stmt" count="3"/>
        <line num="458" type="stmt" count="3"/>
        <line num="459" type="stmt" count="3"/>
        <line num="460" type="stmt" count="3"/>
        <line num="463" type="stmt" count="3"/>
        <line num="464" type="stmt" count="3"/>
        <line num="465" type="stmt" count="1"/>
        <line num="467" type="stmt" count="1"/>
        <line num="468" type="stmt" count="1"/>
        <line num="469" type="stmt" count="1"/>
        <line num="473" type="stmt" count="3"/>
        <line num="476" type="stmt" count="0"/>
        <line num="485" type="method" name="handleOptions" visibility="private" complexity="4" crap="4" count="1"/>
        <line num="487" type="stmt" count="1"/>
        <line num="489" type="stmt" count="1"/>
        <line num="490" type="stmt" count="1"/>
        <line num="491" type="stmt" count="1"/>
        <line num="495" type="stmt" count="1"/>
        <line num="496" type="stmt" count="1"/>
        <line num="499" type="stmt" count="1"/>
        <line num="501" type="stmt" count="1"/>
        <line num="502" type="stmt" count="1"/>
        <line num="503" type="stmt" count="1"/>
        <line num="513" type="method" name="wrapMiddleware" visibility="private" complexity="4" crap="4.59" count="4"/>
        <line num="515" type="stmt" count="4"/>
        <line num="517" type="stmt" count="4"/>
        <line num="518" type="stmt" count="4"/>
        <line num="521" type="stmt" count="0"/>
        <line num="522" type="stmt" count="0"/>
        <line num="523" type="stmt" count="0"/>
        <line num="526" type="stmt" count="0"/>
        <line num="527" type="stmt" count="1"/>
        <line num="530" type="stmt" count="1"/>
        <line num="531" type="stmt" count="1"/>
        <line num="532" type="stmt" count="1"/>
        <line num="534" type="stmt" count="4"/>
        <line num="542" type="method" name="getStats" visibility="public" complexity="1" crap="1" count="1"/>
        <line num="544" type="stmt" count="1"/>
        <line num="545" type="stmt" count="1"/>
        <line num="546" type="stmt" count="1"/>
        <line num="547" type="stmt" count="1"/>
        <line num="548" type="stmt" count="1"/>
        <line num="549" type="stmt" count="1"/>
        <line num="557" type="method" name="clearCache" visibility="public" complexity="1" crap="1" count="1"/>
        <line num="559" type="stmt" count="1"/>
        <line num="568" type="method" name="setCacheLimit" visibility="public" complexity="1" crap="1" count="1"/>
        <line num="570" type="stmt" count="1"/>
        <line num="579" type="method" name="setMaxParamLength" visibility="public" complexity="1" crap="1" count="1"/>
        <line num="581" type="stmt" count="1"/>
        <line num="590" type="method" name="setAllowedNamespaces" visibility="public" complexity="1" crap="2" count="0"/>
        <line num="592" type="stmt" count="0"/>
        <metrics loc="595" ncloc="429" classes="1" methods="17" coveredmethods="10" conditionals="0" coveredconditionals="0" statements="204" coveredstatements="171" elements="221" coveredelements="181"/>
      </file>
    </package>
    <metrics files="14" loc="1148" ncloc="836" classes="12" methods="41" coveredmethods="33" conditionals="0" coveredconditionals="0" statements="311" coveredstatements="272" elements="352" coveredelements="305"/>
  </project>
</coverage>
